INFO 2020-11-21 08:34:58,318 root : Сервер доступний. Час на сервері: 2020-11-21
INFO 2020-11-21 08:34:58,319 root : Запитувана сторінка: : http://localhost:8000/health/
INFO 2020-11-21 08:34:58,319 root : Відповідь сервера містить наступні поля:
INFO 2020-11-21 08:34:58,320 root : Ключ: date, Значення: 2020-11-21
INFO 2020-11-21 08:34:58,320 root : Ключ: current_page, Значення: http://localhost:8000/health/
INFO 2020-11-21 08:34:58,320 root : Ключ: server_info, Значення: localhost
INFO 2020-11-21 08:34:58,321 root : Ключ: client_info, Значення: {'user_agent': 'python-requests/2.24.0', 'user_ip': '127.0.0.1', 'user_host': ''}
INFO 2020-11-21 08:35:58,389 root : Сервер доступний. Час на сервері: 2020-11-21
INFO 2020-11-21 08:35:58,390 root : Запитувана сторінка: : http://localhost:8000/health/
INFO 2020-11-21 08:35:58,390 root : Відповідь сервера містить наступні поля:
INFO 2020-11-21 08:35:58,390 root : Ключ: date, Значення: 2020-11-21
INFO 2020-11-21 08:35:58,391 root : Ключ: current_page, Значення: http://localhost:8000/health/
INFO 2020-11-21 08:35:58,391 root : Ключ: server_info, Значення: localhost
INFO 2020-11-21 08:35:58,392 root : Ключ: client_info, Значення: {'user_agent': 'python-requests/2.24.0', 'user_ip': '127.0.0.1', 'user_host': ''}
INFO 2020-11-21 08:36:58,416 root : Сервер доступний. Час на сервері: 2020-11-21
INFO 2020-11-21 08:36:58,416 root : Запитувана сторінка: : http://localhost:8000/health/
INFO 2020-11-21 08:36:58,416 root : Відповідь сервера містить наступні поля:
INFO 2020-11-21 08:36:58,417 root : Ключ: date, Значення: 2020-11-21
INFO 2020-11-21 08:36:58,417 root : Ключ: current_page, Значення: http://localhost:8000/health/
INFO 2020-11-21 08:36:58,418 root : Ключ: server_info, Значення: localhost
INFO 2020-11-21 08:36:58,418 root : Ключ: client_info, Значення: {'user_agent': 'python-requests/2.24.0', 'user_ip': '127.0.0.1', 'user_host': ''}
INFO 2020-11-21 08:37:58,472 root : Сервер доступний. Час на сервері: 2020-11-21
INFO 2020-11-21 08:37:58,472 root : Запитувана сторінка: : http://localhost:8000/health/
INFO 2020-11-21 08:37:58,472 root : Відповідь сервера містить наступні поля:
INFO 2020-11-21 08:37:58,473 root : Ключ: date, Значення: 2020-11-21
INFO 2020-11-21 08:37:58,473 root : Ключ: current_page, Значення: http://localhost:8000/health/
INFO 2020-11-21 08:37:58,474 root : Ключ: server_info, Значення: localhost
INFO 2020-11-21 08:37:58,474 root : Ключ: client_info, Значення: {'user_agent': 'python-requests/2.24.0', 'user_ip': '127.0.0.1', 'user_host': ''}
ERROR 2020-11-21 08:38:50,314 root : Сталась помилка: HTTPConnectionPool(host='localhost', port=8000): Max retries exceeded with url: /health (Caused by NewConnectionError('<urllib3.connection.HTTPConnection object at 0x7fbb1676f8b0>: Failed to establish a new connection: [Errno 111] Connection refused'))
